\BOOKMARK [1][-]{cover.1}{\376\377\134\001\227\142}{}% 1
\BOOKMARK [1][-]{abscn.1}{\376\377\144\130\211\201}{}% 2
\BOOKMARK [1][-]{absen.1}{\376\377\000A\000b\000s\000t\000r\000a\000c\000t}{}% 3
\BOOKMARK [1][-]{toc.1}{\376\377\166\356\137\125}{}% 4
\BOOKMARK [0][-]{chapter.1}{\376\377\173\054\116\000\172\340\000\040\000\040\176\352\213\272}{}% 5
\BOOKMARK [1][-]{section.1.1}{\376\377\0001\000.\0001\000\040\170\024\172\166\200\314\146\157\123\312\141\017\116\111}{chapter.1}% 6
\BOOKMARK [1][-]{section.1.2}{\376\377\0001\000.\0002\000\040\126\375\121\205\131\026\170\024\172\166\163\260\162\266}{chapter.1}% 7
\BOOKMARK [1][-]{section.1.3}{\376\377\0001\000.\0003\000\040\170\024\172\166\121\205\133\271\124\214\176\304\176\307\150\106\147\266}{chapter.1}% 8
\BOOKMARK [2][-]{subsection.1.3.1}{\376\377\0001\000.\0003\000.\0001\000\040\170\024\172\166\121\205\133\271}{section.1.3}% 9
\BOOKMARK [2][-]{subsection.1.3.2}{\376\377\0001\000.\0003\000.\0002\000\040\176\304\176\307\150\106\147\266}{section.1.3}% 10
\BOOKMARK [0][-]{chapter.2}{\376\377\173\054\116\214\172\340\000\040\000\040\121\163\225\056\142\200\147\057}{}% 11
\BOOKMARK [1][-]{section.2.1}{\376\377\0002\000.\0001\000\040\000A\000R\000M\000\040\000T\000r\000u\000s\000t\000Z\000o\000n\000e}{chapter.2}% 12
\BOOKMARK [1][-]{section.2.2}{\376\377\0002\000.\0002\000\040\131\004\164\006\126\150\121\205\133\130\134\102\153\041\147\266\147\204}{chapter.2}% 13
\BOOKMARK [2][-]{subsection.2.2.1}{\376\377\0002\000.\0002\000.\0001\000\040\121\205\133\130\116\016\000C\000a\000c\000h\000e\166\204\146\040\134\004\121\163\174\373}{section.2.2}% 14
\BOOKMARK [2][-]{subsection.2.2.2}{\376\377\0002\000.\0002\000.\0002\000\040\000C\000a\000c\000h\000e\166\204\232\161\220\020\116\016\146\377\143\142}{section.2.2}% 15
\BOOKMARK [1][-]{section.2.3}{\376\377\0002\000.\0003\000\040\177\023\133\130\117\247\117\341\220\123\145\073\121\373}{chapter.2}% 16
\BOOKMARK [2][-]{subsection.2.3.1}{\376\377\0002\000.\0003\000.\0001\000\040\163\260\147\011\166\204\000c\000a\000c\000h\000e\145\073\121\373\142\113\153\265}{section.2.3}% 17
\BOOKMARK [2][-]{subsection.2.3.2}{\376\377\0002\000.\0003\000.\0002\000\040\224\210\133\371\000T\000r\000u\000s\000t\000Z\000o\000n\000e\166\204\145\073\121\373\145\271\154\325}{section.2.3}% 18
\BOOKMARK [0][-]{chapter.3}{\376\377\173\054\116\011\172\340\000\040\000\040\145\073\121\373\152\041\127\213\123\312\120\107\213\276}{}% 19
\BOOKMARK [0][-]{chapter.4}{\376\377\173\054\126\333\172\340\000\040\000\040\145\073\121\373\133\371\214\141}{}% 20
\BOOKMARK [1][-]{section.4.1}{\376\377\0004\000.\0001\000\040\000O\000p\000e\000n\000S\000S\000L\000\040\000A\000E\000S}{chapter.4}% 21
\BOOKMARK [1][-]{section.4.2}{\376\377\0004\000.\0002\000\040\147\000\124\016\116\000\217\156\133\306\224\245\166\204\145\073\121\373}{chapter.4}% 22
\BOOKMARK [1][-]{section.4.3}{\376\377\0004\000.\0003\000\040\000N\000e\000v\000e\000\046\000S\000e\000i\000f\000e\000r\000t\143\222\226\144\154\325}{chapter.4}% 23
\BOOKMARK [0][-]{chapter.5}{\376\377\173\054\116\224\172\340\000\040\000\040\145\073\121\373\145\271\150\110}{}% 24
\BOOKMARK [1][-]{section.5.1}{\376\377\0005\000.\0001\000\040\122\006\221\115\121\205\133\130\124\214\177\023\133\130\232\161\220\020}{chapter.5}% 25
\BOOKMARK [1][-]{section.5.2}{\376\377\0005\000.\0002\000\040\124\150\147\037\213\241\145\160\126\150\143\242\155\113\177\023\133\130}{chapter.5}% 26
\BOOKMARK [1][-]{section.5.3}{\376\377\0005\000.\0003\000\040\146\156\220\032\116\026\165\114\116\016\133\211\121\150\116\026\165\114\116\244\116\222\213\276\213\241}{chapter.5}% 27
\BOOKMARK [1][-]{section.5.4}{\376\377\0005\000.\0004\000\040\145\073\121\373\173\227\154\325\155\101\172\013}{chapter.5}% 28
\BOOKMARK [0][-]{chapter.6}{\376\377\173\054\121\155\172\340\000\040\000\040\133\236\232\214\116\016\122\006\147\220}{}% 29
\BOOKMARK [1][-]{section.6.1}{\376\377\0006\000.\0001\000\040\145\073\121\373\176\323\147\234\116\016\140\047\200\375\122\006\147\220}{chapter.6}% 30
\BOOKMARK [1][-]{section.6.2}{\376\377\0006\000.\0002\000\040\000c\000a\000c\000h\000e\145\073\121\373\136\224\133\371\145\271\154\325}{chapter.6}% 31
\BOOKMARK [0][-]{chapter.7}{\376\377\173\054\116\003\172\340\000\040\000\040\140\073\176\323\116\016\134\125\147\033}{}% 32
\BOOKMARK [1][-]{section.7.1}{\376\377\0007\000.\0001\000\040\145\271\150\110\140\073\176\323}{chapter.7}% 33
\BOOKMARK [1][-]{section.7.2}{\376\377\0007\000.\0002\000\040\147\052\147\145\135\345\117\134}{chapter.7}% 34
\BOOKMARK [0][-]{chapter*.18}{\376\377\201\364\214\042}{}% 35
\BOOKMARK [0][-]{section*.19}{\376\377\123\302\200\003\145\207\163\056}{}% 36
