This is XeTeX, Version 3.14159265-2.6-0.999992 (TeX Live 2020/W32TeX) (preloaded format=xelatex 2021.1.11)  29 APR 2022 21:11
entering extended mode
 restricted \write18 enabled.
 %&-line parsing enabled.
**XDUthesis.dtx
(./XDUthesis.dtx
LaTeX2e <2020-02-02> patch level 5
L3 programming layer <2020-03-06>
(d:/envioflatex/texlive/2020/texmf-dist/tex/latex/base/docstrip.tex
\blockLevel=\count163
\emptyLines=\count164
\processedLines=\count165
\commentsRemoved=\count166
\commentsPassed=\count167
\codeLinesPassed=\count168
\TotalprocessedLines=\count169
\TotalcommentsRemoved=\count170
\TotalcommentsPassed=\count171
\TotalcodeLinesPassed=\count172
\NumberOfFiles=\count173
\inFile=\read2
\inputcheck=\read3
\off@0=\count174
\off@1=\count175
\off@2=\count176
\off@3=\count177
\off@4=\count178
\off@5=\count179
\off@6=\count180
\off@7=\count181
\off@8=\count182
\off@9=\count183
\off@10=\count184
\off@11=\count185
\off@12=\count186
\off@13=\count187
\off@14=\count188
\off@15=\count189
\@maxfiles=\count190
\@maxoutfiles=\count191

Utility: `docstrip' 2.5g <2018/05/03>
English documentation    <2018/05/03>

**********************************************************
* This program converts documented macro-files into fast *
* loadable files by stripping off (nearly) all comments! *
**********************************************************

********************************************************
* No Configuration file found, using default settings. *
********************************************************

)

Generating file(s) ./XDUthesis.cls ./XDUthesis.cfg 
\openout0 = `./XDUthesis.cls'.

\openout1 = `./XDUthesis.cfg'.


Processing file XDUthesis.dtx (cls) -> XDUthesis.cls
                              (cfg) -> XDUthesis.cfg
File XDUthesis.dtx ended by \endinput.
Lines  processed: 1641
Comments removed: 828
Comments  passed: 27
Codelines passed: 761

***********************************************************
*
* To finish the installation you have to move the following
* files into a directory searched by TeX:
*
* The recommended directory is TEXMF/tex/latex/XDUthesis
*
*   XDUthesis.cls
*   XDUthesis.cfg
*
* To produce the documentation run the files ending with
* `.dtx' through LaTeX.
*
* Happy TeXing!
***********************************************************

Generating file(s) ./XDUthesis.ins 
\openout0 = `./XDUthesis.ins'.


Processing file XDUthesis.dtx (install) -> XDUthesis.ins
File XDUthesis.dtx ended by \endinput.
Lines  processed: 1641
Comments removed: 828
Comments  passed: 27
Codelines passed: 761

File: XDUthesis.dtx 2019/05/11 0.1.9 Xidian University Thesis Template
(d:/envioflatex/texlive/2020/texmf-dist/tex/latex/base/ltxdoc.cls
Document Class: ltxdoc 2019/09/16 v2.0y Standard LaTeX documentation class
(d:/envioflatex/texlive/2020/texmf-dist/tex/latex/base/article.cls
Document Class: article 2019/12/20 v1.4l Standard LaTeX document class
(d:/envioflatex/texlive/2020/texmf-dist/tex/latex/base/size10.clo
File: size10.clo 2019/12/20 v1.4l Standard LaTeX file (size option)
)
\c@part=\count192
\c@section=\count193
\c@subsection=\count194
\c@subsubsection=\count195
\c@paragraph=\count196
\c@subparagraph=\count197
\c@figure=\count198
\c@table=\count199
\abovecaptionskip=\skip47
\belowcaptionskip=\skip48
\bibindent=\dimen134
)
(d:/envioflatex/texlive/2020/texmf-dist/tex/latex/base/doc.sty
Package: doc 2019/12/16 v2.1l Standard LaTeX documentation package (FMi)
\c@StandardModuleDepth=\count266
\guard@level=\count267
\MacrocodeTopsep=\skip49
\MacroIndent=\dimen135
\macro@cnt=\count268
\MacroTopsep=\skip50
\index@excludelist=\toks15

(d:/envioflatex/texlive/2020/texmf-dist/tex/latex/tools/multicol.sty
Package: multicol 2019/12/09 v1.8y multicolumn formatting (FMi)
\c@tracingmulticols=\count269
\mult@box=\box45
\multicol@leftmargin=\dimen136
\c@unbalance=\count270
\c@collectmore=\count271
\doublecol@number=\count272
\multicoltolerance=\count273
\multicolpretolerance=\count274
\full@width=\dimen137
\page@free=\dimen138
\premulticols=\dimen139
\postmulticols=\dimen140
\multicolsep=\skip51
\multicolbaselineskip=\skip52
\partial@page=\box46
\last@line=\box47
\maxbalancingoverflow=\dimen141
\mult@rightbox=\box48
\mult@grightbox=\box49
\mult@gfirstbox=\box50
\mult@firstbox=\box51
\@tempa=\box52
\@tempa=\box53
\@tempa=\box54
\@tempa=\box55
\@tempa=\box56
\@tempa=\box57
\@tempa=\box58
\@tempa=\box59
\@tempa=\box60
\@tempa=\box61
\@tempa=\box62
\@tempa=\box63
\@tempa=\box64
\@tempa=\box65
\@tempa=\box66
\@tempa=\box67
\@tempa=\box68
\@tempa=\box69
\@tempa=\box70
\@tempa=\box71
\@tempa=\box72
\@tempa=\box73
\@tempa=\box74
\@tempa=\box75
\@tempa=\box76
\@tempa=\box77
\@tempa=\box78
\@tempa=\box79
\@tempa=\box80
\@tempa=\box81
\@tempa=\box82
\@tempa=\box83
\@tempa=\box84
\@tempa=\box85
\@tempa=\box86
\@tempa=\box87
\@tempa=\box88
\c@minrows=\count275
\c@columnbadness=\count276
\c@finalcolumnbadness=\count277
\last@try=\dimen142
\multicolovershoot=\dimen143
\multicolundershoot=\dimen144
\mult@nat@firstbox=\box89
\colbreak@box=\box90
\mc@col@check@num=\count278
)
\IndexMin=\dimen145
\c@IndexColumns=\count279
\GlossaryMin=\dimen146
\c@GlossaryColumns=\count280
\check@sum=\count281
\bslash@cnt=\count282
\wrong@table=\toks16
\c@CodelineNo=\count283
))
(d:/envioflatex/texlive/2020/texmf-dist/tex/latex/geometry/geometry.sty
Package: geometry 2020/01/02 v5.9 Page Geometry

(d:/envioflatex/texlive/2020/texmf-dist/tex/latex/graphics/keyval.sty
Package: keyval 2014/10/28 v1.15 key=value parser (DPC)
\KV@toks@=\toks17
)
(d:/envioflatex/texlive/2020/texmf-dist/tex/generic/iftex/ifvtex.sty
Package: ifvtex 2019/10/25 v1.7 ifvtex legacy package. Use iftex instead.

(d:/envioflatex/texlive/2020/texmf-dist/tex/generic/iftex/iftex.sty
Package: iftex 2020/03/06 v1.0d TeX engine tests
))
\Gm@cnth=\count284
\Gm@cntv=\count285
\c@Gm@tempcnt=\count286
\Gm@bindingoffset=\dimen147
\Gm@wd@mp=\dimen148
\Gm@odd@mp=\dimen149
\Gm@even@mp=\dimen150
\Gm@layoutwidth=\dimen151
\Gm@layoutheight=\dimen152
\Gm@layouthoffset=\dimen153
\Gm@layoutvoffset=\dimen154
\Gm@dimlist=\toks18
)
(d:/envioflatex/texlive/2020/texmf-dist/tex/xelatex/xecjk/xeCJK.sty
(d:/envioflatex/texlive/2020/texmf-dist/tex/latex/l3kernel/expl3.sty
Package: expl3 2020-03-06 L3 programming layer (loader) 

(d:/envioflatex/texlive/2020/texmf-dist/tex/latex/l3backend/l3backend-xdvipdfmx
.def
File: l3backend-xdvipdfmx.def 2020-03-12 L3 backend support: xdvipdfmx
\g__graphics_track_int=\count287
\l__pdf_internal_box=\box91
\g__pdf_backend_object_int=\count288
\g__pdf_backend_annotation_int=\count289
))
Package: xeCJK 2020/02/18 v3.8.2 Typesetting CJK scripts with XeLaTeX

(d:/envioflatex/texlive/2020/texmf-dist/tex/latex/l3packages/l3keys2e/l3keys2e.
sty
Package: l3keys2e 2020-03-06 LaTeX2e option processing using LaTeX3 keys
)
(d:/envioflatex/texlive/2020/texmf-dist/tex/latex/l3packages/xtemplate/xtemplat
e.sty
Package: xtemplate 2020-03-06 L3 Experimental prototype document functions
\l__xtemplate_tmp_dim=\dimen155
\l__xtemplate_tmp_int=\count290
\l__xtemplate_tmp_muskip=\muskip16
\l__xtemplate_tmp_skip=\skip53
)
(d:/envioflatex/texlive/2020/texmf-dist/tex/latex/l3packages/xparse/xparse.sty
Package: xparse 2020-03-06 L3 Experimental document command parser
\l__xparse_current_arg_int=\count291
\g__xparse_grabber_int=\count292
\l__xparse_m_args_int=\count293
\l__xparse_v_nesting_int=\count294
)
\l__xeCJK_tmp_int=\count295
\l__xeCJK_tmp_box=\box92
\l__xeCJK_tmp_dim=\dimen156
\l__xeCJK_tmp_skip=\skip54
\g__xeCJK_space_factor_int=\count296
\l__xeCJK_begin_int=\count297
\l__xeCJK_end_int=\count298
\c__xeCJK_CJK_class_int=\XeTeXcharclass1
\c__xeCJK_FullLeft_class_int=\XeTeXcharclass2
\c__xeCJK_FullRight_class_int=\XeTeXcharclass3
\c__xeCJK_HalfLeft_class_int=\XeTeXcharclass4
\c__xeCJK_HalfRight_class_int=\XeTeXcharclass5
\c__xeCJK_NormalSpace_class_int=\XeTeXcharclass6
\c__xeCJK_CM_class_int=\XeTeXcharclass7
\c__xeCJK_HangulJamo_class_int=\XeTeXcharclass8
\l__xeCJK_last_skip=\skip55
\g__xeCJK_node_int=\count299
\c__xeCJK_CJK_node_dim=\dimen157
\c__xeCJK_CJK-space_node_dim=\dimen158
\c__xeCJK_default_node_dim=\dimen159
\c__xeCJK_default-space_node_dim=\dimen160
\c__xeCJK_CJK-widow_node_dim=\dimen161
\c__xeCJK_normalspace_node_dim=\dimen162
\l__xeCJK_ccglue_skip=\skip56
\l__xeCJK_ecglue_skip=\skip57
\l__xeCJK_punct_kern_skip=\skip58
\l__xeCJK_last_penalty_int=\count300
\l__xeCJK_last_bound_dim=\dimen163
\l__xeCJK_last_kern_dim=\dimen164
\l__xeCJK_widow_penalty_int=\count301

Package xtemplate Info: Declaring object type 'xeCJK/punctuation' taking 0
(xtemplate)             argument(s) on line 2302.

\l__xeCJK_fixed_punct_width_dim=\dimen165
\l__xeCJK_mixed_punct_width_dim=\dimen166
\l__xeCJK_middle_punct_width_dim=\dimen167
\l__xeCJK_fixed_margin_width_dim=\dimen168
\l__xeCJK_mixed_margin_width_dim=\dimen169
\l__xeCJK_middle_margin_width_dim=\dimen170
\l__xeCJK_bound_punct_width_dim=\dimen171
\l__xeCJK_bound_margin_width_dim=\dimen172
\l__xeCJK_margin_minimum_dim=\dimen173
\l__xeCJK_kerning_total_width_dim=\dimen174
\l__xeCJK_same_align_margin_dim=\dimen175
\l__xeCJK_different_align_margin_dim=\dimen176
\l__xeCJK_kerning_margin_width_dim=\dimen177
\l__xeCJK_kerning_margin_minimum_dim=\dimen178
\l__xeCJK_bound_dim=\dimen179
\l__xeCJK_reverse_bound_dim=\dimen180
\l__xeCJK_margin_dim=\dimen181
\l__xeCJK_minimum_bound_dim=\dimen182
\l__xeCJK_kerning_margin_dim=\dimen183
\g__xeCJK_family_int=\count302
\l__xeCJK_fam_int=\count303
\g__xeCJK_fam_allocation_int=\count304
\l__xeCJK_verb_case_int=\count305
\l__xeCJK_verb_exspace_skip=\skip59
(d:/envioflatex/texlive/2020/texmf-dist/tex/latex/fontspec/fontspec.sty
Package: fontspec 2020/02/21 v2.7i Font selection for XeLaTeX and LuaLaTeX

(d:/envioflatex/texlive/2020/texmf-dist/tex/latex/fontspec/fontspec-xetex.sty
Package: fontspec-xetex 2020/02/21 v2.7i Font selection for XeLaTeX and LuaLaTe
X
\l__fontspec_script_int=\count306
\l__fontspec_language_int=\count307
\l__fontspec_strnum_int=\count308
\l__fontspec_tmp_int=\count309
\l__fontspec_tmpa_int=\count310
\l__fontspec_tmpb_int=\count311
\l__fontspec_tmpc_int=\count312
\l__fontspec_em_int=\count313
\l__fontspec_emdef_int=\count314
\l__fontspec_strong_int=\count315
\l__fontspec_strongdef_int=\count316
\l__fontspec_tmpa_dim=\dimen184
\l__fontspec_tmpb_dim=\dimen185
\l__fontspec_tmpc_dim=\dimen186

(d:/envioflatex/texlive/2020/texmf-dist/tex/latex/base/fontenc.sty
Package: fontenc 2020/02/11 v2.0o Standard LaTeX package
)
(d:/envioflatex/texlive/2020/texmf-dist/tex/latex/fontspec/fontspec.cfg)))
(d:/envioflatex/texlive/2020/texmf-dist/tex/xelatex/xecjk/xeCJK.cfg
File: xeCJK.cfg 2020/02/18 v3.8.2 Configuration file for xeCJK package
))
(d:/envioflatex/texlive/2020/texmf-dist/tex/latex/tools/indentfirst.sty
Package: indentfirst 1995/11/23 v1.03 Indent first paragraph (DPC)
)
(d:/envioflatex/texlive/2020/texmf-dist/tex/latex/appendix/appendix.sty
Package: appendix 2020/02/08 v1.2c extra appendix facilities
\c@@pps=\count317
\c@@ppsavesec=\count318
\c@@ppsaveapp=\count319
)
(d:/envioflatex/texlive/2020/texmf-dist/tex/latex/tools/longtable.sty
Package: longtable 2020/01/07 v4.13 Multi-page Table package (DPC)
\LTleft=\skip60
\LTright=\skip61
\LTpre=\skip62
\LTpost=\skip63
\LTchunksize=\count320
\LTcapwidth=\dimen187
\LT@head=\box93
\LT@firsthead=\box94
\LT@foot=\box95
\LT@lastfoot=\box96
\LT@cols=\count321
\LT@rows=\count322
\c@LT@tables=\count323
\c@LT@chunks=\count324
\LT@p@ftn=\toks19
)
(d:/envioflatex/texlive/2020/texmf-dist/tex/latex/multirow/multirow.sty
Package: multirow 2019/05/31 v2.5 Span multiple rows of a table
\multirow@colwidth=\skip64
\multirow@cntb=\count325
\multirow@dima=\skip65
\bigstrutjot=\dimen188
)
(d:/envioflatex/texlive/2020/texmf-dist/tex/latex/tools/hhline.sty
Package: hhline 2020/01/04 v2.04 Table rule package (DPC)
)
(d:/envioflatex/texlive/2020/texmf-dist/tex/latex/tools/tabularx.sty
Package: tabularx 2020/01/15 v2.11c `tabularx' package (DPC)

(d:/envioflatex/texlive/2020/texmf-dist/tex/latex/tools/array.sty
Package: array 2019/08/31 v2.4l Tabular extension package (FMi)
\col@sep=\dimen189
\ar@mcellbox=\box97
\extrarowheight=\dimen190
\NC@list=\toks20
\extratabsurround=\skip66
\backup@length=\skip67
\ar@cellbox=\box98
)
\TX@col@width=\dimen191
\TX@old@table=\dimen192
\TX@old@col=\dimen193
\TX@target=\dimen194
\TX@delta=\dimen195
\TX@cols=\count326
\TX@ftn=\toks21
)
(d:/envioflatex/texlive/2020/texmf-dist/tex/latex/makecell/makecell.sty
Package: makecell 2009/08/03 V0.1e Managing of Tab Column Heads and Cells
\rotheadsize=\dimen196
\c@nlinenum=\count327
\TeXr@lab=\toks22
)
(d:/envioflatex/texlive/2020/texmf-dist/tex/latex/booktabs/booktabs.sty
Package: booktabs 2020/01/12 v1.61803398 Publication quality tables
\heavyrulewidth=\dimen197
\lightrulewidth=\dimen198
\cmidrulewidth=\dimen199
\belowrulesep=\dimen256
\belowbottomsep=\dimen257
\aboverulesep=\dimen258
\abovetopsep=\dimen259
\cmidrulesep=\dimen260
\cmidrulekern=\dimen261
\defaultaddspace=\dimen262
\@cmidla=\count328
\@cmidlb=\count329
\@aboverulesep=\dimen263
\@belowrulesep=\dimen264
\@thisruleclass=\count330
\@lastruleclass=\count331
\@thisrulewidth=\dimen265
)
(d:/envioflatex/texlive/2020/texmf-dist/tex/latex/diagbox/diagbox.sty
Package: diagbox 2020/02/09 v2.3 Making table heads with diagonal lines

(d:/envioflatex/texlive/2020/texmf-dist/tex/latex/pict2e/pict2e.sty
Package: pict2e 2019/08/20 v0.3c Improved picture commands (HjG,RN,JT)

(d:/envioflatex/texlive/2020/texmf-dist/tex/latex/pict2e/pict2e.cfg
File: pict2e.cfg 2016/02/05 v0.1u pict2e configuration for teTeX/TeXLive
)
Package pict2e Info: Driver file: xetex.def on input line 119.

(d:/envioflatex/texlive/2020/texmf-dist/tex/latex/graphics-def/xetex.def
File: xetex.def 2017/06/24 v5.0h Graphics/color driver for xetex
)
Package pict2e Info: Driver file for pict2e: p2e-xetex.def on input line 121.

(d:/envioflatex/texlive/2020/texmf-dist/tex/latex/pict2e/p2e-xetex.def
File: p2e-xetex.def 2016/02/05 v0.1u Driver-dependant file (RN,HjG,JT)
)
(d:/envioflatex/texlive/2020/texmf-dist/tex/latex/graphics/trig.sty
Package: trig 2016/01/03 v1.10 sin cos tan (DPC)
)
\pIIe@GRAPH=\toks23
\@arclen=\dimen266
\@arcrad=\dimen267
\@tempdimd=\dimen268
)
(d:/envioflatex/texlive/2020/texmf-dist/tex/latex/tools/calc.sty
Package: calc 2017/05/25 v4.3 Infix arithmetic (KKT,FJ)
\calc@Acount=\count332
\calc@Bcount=\count333
\calc@Adimen=\dimen269
\calc@Bdimen=\dimen270
\calc@Askip=\skip68
\calc@Bskip=\skip69
LaTeX Info: Redefining \setlength on input line 80.
LaTeX Info: Redefining \addtolength on input line 81.
\calc@Ccount=\count334
\calc@Cskip=\skip70
)
\diagbox@boxa=\box99
\diagbox@boxb=\box100
\diagbox@boxm=\box101
\diagbox@wd=\dimen271
\diagbox@ht=\dimen272
\diagbox@insepl=\dimen273
\diagbox@insepr=\dimen274
\diagbox@outsepl=\dimen275
\diagbox@outsepr=\dimen276
)
(d:/envioflatex/texlive/2020/texmf-dist/tex/latex/metalogo/metalogo.sty
Package: metalogo 2010/05/29 v0.12 Extended TeX logo macros

(d:/envioflatex/texlive/2020/texmf-dist/tex/latex/graphics/graphicx.sty
Package: graphicx 2019/11/30 v1.2a Enhanced LaTeX Graphics (DPC,SPQR)

(d:/envioflatex/texlive/2020/texmf-dist/tex/latex/graphics/graphics.sty
Package: graphics 2019/11/30 v1.4a Standard LaTeX Graphics (DPC,SPQR)

(d:/envioflatex/texlive/2020/texmf-dist/tex/latex/graphics-cfg/graphics.cfg
File: graphics.cfg 2016/06/04 v1.11 sample graphics configuration
)
Package graphics Info: Driver file: xetex.def on input line 105.
)
\Gin@req@height=\dimen277
\Gin@req@width=\dimen278
)
(d:/envioflatex/texlive/2020/texmf-dist/tex/generic/iftex/ifxetex.sty
Package: ifxetex 2019/10/25 v0.7 ifxetex legacy package. Use iftex instead.
)
\xl@everylogo=\toks24
\xl@@everylogo=\toks25
LaTeX Info: Redefining \TeX on input line 193.
LaTeX Info: Redefining \LaTeX on input line 202.
LaTeX Info: Redefining \LaTeXe on input line 219.
)
(d:/envioflatex/texlive/2020/texmf-dist/tex/latex/xcolor/xcolor.sty
Package: xcolor 2016/05/11 v2.12 LaTeX color extensions (UK)

(d:/envioflatex/texlive/2020/texmf-dist/tex/latex/graphics-cfg/color.cfg
File: color.cfg 2016/01/02 v1.6 sample color configuration
)
Package xcolor Info: Driver file: xetex.def on input line 225.
Package xcolor Info: Model `cmy' substituted by `cmy0' on input line 1348.
Package xcolor Info: Model `RGB' extended on input line 1364.
Package xcolor Info: Model `HTML' substituted by `rgb' on input line 1366.
Package xcolor Info: Model `Hsb' substituted by `hsb' on input line 1367.
Package xcolor Info: Model `tHsb' substituted by `hsb' on input line 1368.
Package xcolor Info: Model `HSB' substituted by `hsb' on input line 1369.
Package xcolor Info: Model `Gray' substituted by `gray' on input line 1370.
Package xcolor Info: Model `wave' substituted by `hsb' on input line 1371.
)
(d:/envioflatex/texlive/2020/texmf-dist/tex/latex/pst-barcode/pst-barcode.sty
(d:/envioflatex/texlive/2020/texmf-dist/tex/latex/pstricks/pstricks.sty
Package: pstricks 2018/12/21 v0.69 LaTeX wrapper for `PSTricks' (RN,HV)

(d:/envioflatex/texlive/2020/texmf-dist/tex/latex/tools/shellesc.sty
Package: shellesc 2019/11/08 v1.0c unified shell escape interface for LaTeX
Package shellesc Info: Restricted shell escape enabled on input line 77.
)
(d:/envioflatex/texlive/2020/texmf-dist/tex/generic/xkeyval/pst-xkey.tex
File: pst-xkey.tex 2005/11/25 v1.6 PSTricks specialization of xkeyval (HA)

(d:/envioflatex/texlive/2020/texmf-dist/tex/latex/xkeyval/xkeyval.sty
Package: xkeyval 2014/12/03 v2.7a package option processing (HA)

(d:/envioflatex/texlive/2020/texmf-dist/tex/generic/xkeyval/xkeyval.tex
(d:/envioflatex/texlive/2020/texmf-dist/tex/generic/xkeyval/xkvutils.tex
\XKV@toks=\toks26
\XKV@tempa@toks=\toks27
)
\XKV@depth=\count335
File: xkeyval.tex 2014/12/03 v2.7a key=value parser (HA)
)))
(d:/envioflatex/texlive/2020/texmf-dist/tex/generic/pstricks/pstricks.tex
(d:/envioflatex/texlive/2020/texmf-dist/tex/generic/pstricks/pst-fp.tex
`pst-fp' v0.05, 2010/01/17 (hv)
\pstFP@xs=\count336
\pstFP@xia=\count337
\pstFP@xib=\count338
\pstFP@xfa=\count339
\pstFP@xfb=\count340
\pstFP@rega=\count341
\pstFP@regb=\count342
\pstFP@regs=\count343
\pstFP@times=\count344
)
(d:/envioflatex/texlive/2020/texmf-dist/tex/generic/pgf/utilities/pgfutil-commo
n.tex
\pgfutil@everybye=\toks28
\pgfutil@tempdima=\dimen279
\pgfutil@tempdimb=\dimen280

(d:/envioflatex/texlive/2020/texmf-dist/tex/generic/pgf/utilities/pgfutil-commo
n-lists.tex))
(d:/envioflatex/texlive/2020/texmf-dist/tex/generic/pgf/utilities/pgfkeys.code.
tex
\pgfkeys@pathtoks=\toks29
\pgfkeys@temptoks=\toks30

(d:/envioflatex/texlive/2020/texmf-dist/tex/generic/pgf/utilities/pgfkeysfilter
ed.code.tex
\pgfkeys@tmptoks=\toks31
))
(d:/envioflatex/texlive/2020/texmf-dist/tex/generic/pgf/utilities/pgffor.code.t
ex
Loading pgffor.code.tex
(d:/envioflatex/texlive/2020/texmf-dist/tex/generic/pgf/math/pgfmath.code.tex
(d:/envioflatex/texlive/2020/texmf-dist/tex/generic/pgf/math/pgfmathcalc.code.t
ex
(d:/envioflatex/texlive/2020/texmf-dist/tex/generic/pgf/math/pgfmathutil.code.t
ex
\pgf@x=\dimen281
\pgf@xa=\dimen282
\pgf@xb=\dimen283
\pgf@xc=\dimen284
\pgf@y=\dimen285
\pgf@ya=\dimen286
\pgf@yb=\dimen287
\pgf@yc=\dimen288
\c@pgf@counta=\count345
\c@pgf@countb=\count346
\c@pgf@countc=\count347
\c@pgf@countd=\count348
\pgfutil@tempcnta=\count349
\pgfutil@tempcntb=\count350
)
(d:/envioflatex/texlive/2020/texmf-dist/tex/generic/pgf/math/pgfmathparser.code
.tex
\pgfmath@dimen=\dimen289
\pgfmath@count=\count351
\pgfmath@box=\box102
\pgfmath@toks=\toks32
\pgfmath@stack@operand=\toks33
\pgfmath@stack@operation=\toks34
)
(d:/envioflatex/texlive/2020/texmf-dist/tex/generic/pgf/math/pgfmathfunctions.c
ode.tex
(d:/envioflatex/texlive/2020/texmf-dist/tex/generic/pgf/math/pgfmathfunctions.b
asic.code.tex)
(d:/envioflatex/texlive/2020/texmf-dist/tex/generic/pgf/math/pgfmathfunctions.t
rigonometric.code.tex)
(d:/envioflatex/texlive/2020/texmf-dist/tex/generic/pgf/math/pgfmathfunctions.r
andom.code.tex)
(d:/envioflatex/texlive/2020/texmf-dist/tex/generic/pgf/math/pgfmathfunctions.c
omparison.code.tex)
(d:/envioflatex/texlive/2020/texmf-dist/tex/generic/pgf/math/pgfmathfunctions.b
ase.code.tex)
(d:/envioflatex/texlive/2020/texmf-dist/tex/generic/pgf/math/pgfmathfunctions.r
ound.code.tex)
(d:/envioflatex/texlive/2020/texmf-dist/tex/generic/pgf/math/pgfmathfunctions.m
isc.code.tex)
(d:/envioflatex/texlive/2020/texmf-dist/tex/generic/pgf/math/pgfmathfunctions.i
ntegerarithmetics.code.tex)))
(d:/envioflatex/texlive/2020/texmf-dist/tex/generic/pgf/math/pgfmathfloat.code.
tex
\c@pgfmathroundto@lastzeros=\count352
))
\pgffor@iter=\dimen290
\pgffor@skip=\dimen291
\pgffor@stack=\toks35
\pgffor@toks=\toks36
)
\psLoopIndex=\count353

`PSTricks' v2.97  <2019/05/11> (tvz,hv)
\pst@dima=\dimen292
\pst@dimb=\dimen293
\pst@dimc=\dimen294
\pst@dimd=\dimen295
\pst@dimg=\dimen296
\pst@dimh=\dimen297
\pst@dimm=\dimen298
\pst@dimn=\dimen299
\pst@dimo=\dimen300
\pst@dimp=\dimen301
\pst@hbox=\box103
\pst@ibox=\box104
\pst@boxg=\box105
\pst@cnta=\count354
\pst@cntb=\count355
\pst@cntc=\count356
\pst@cntd=\count357
\pst@cntg=\count358
\pst@cnth=\count359
\pst@cntm=\count360
\pst@cntn=\count361
\pst@cnto=\count362
\pst@cntp=\count363
\@zero=\count364
\pst@toks=\toks37

(d:/envioflatex/texlive/2020/texmf-dist/tex/xelatex/xetex-pstricks/pstricks.con

(d:/envioflatex/texlive/2020/texmf-dist/tex/generic/pstricks/config/xdvipdfmx.c
fg))
\psunit=\dimen302
\psxunit=\dimen303
\psyunit=\dimen304
\pst@C@@rType=\count365
\pslinewidth=\dimen305
\psk@startLW=\dimen306
\psk@endLW=\dimen307
\pst@customdefs=\toks38
\pslinearc=\dimen308
\pst@symbolStep=\dimen309
\pst@symbolWidth=\dimen310
\pst@symbolLinewidth=\dimen311
\everypsbox=\toks39
\psframesep=\dimen312
\pslabelsep=\dimen313
\sh@wgridXunit=\dimen314
\sh@wgridYunit=\dimen315
\pst@shift=\dimen316

(d:/envioflatex/texlive/2020/texmf-dist/tex/xelatex/xetex-pstricks/pstricks.con

(d:/envioflatex/texlive/2020/texmf-dist/tex/generic/pstricks/config/xdvipdfmx.c
fg
Using PSTricks configuration for XeTeX+xdvipdfmx
)))
File: pstricks.tex 2019/05/11 v2.97 `PSTricks' (tvz,hv)
 (d:/envioflatex/texlive/2020/texmf-dist/tex/generic/pstricks/pst-fp.tex)
File: pst-fp.tex 2019/05/11 v2.97 `PST-fp' (hv)

>>> Loading XeTeX special macros

(d:/envioflatex/texlive/2020/texmf-dist/tex/generic/pstricks/pstricks-xetex.def
))
Package: pst-barcode 2016/04/22 package wrapper for pst-barcode.tex (hv)

(d:/envioflatex/texlive/2020/texmf-dist/tex/generic/pst-barcode/pst-barcode.tex
`PST-barcode' v0.18, 2017/08/22 (tb,hv)
(d:/envioflatex/texlive/2020/texmf-dist/tex/latex/marginnote/marginnote.sty
Package: marginnote 2018/08/09 v1.4b non floating margin notes for LaTeX
\c@mn@abspage=\count366
)
\QR@box=\box106
)
File: pst-barcode.tex 2017/08/22 v0.18 `PST-barcode' (hv)
)
(d:/envioflatex/texlive/2020/texmf-dist/tex/latex/fancyvrb/fancyvrb.sty
Package: fancyvrb 2020/01/13 v3.5 verbatim text (tvz,hv)
\FV@CodeLineNo=\count367
\FV@InFile=\read4
\FV@TabBox=\box107
\c@FancyVerbLine=\count368
\FV@StepNumber=\count369
\FV@OutFile=\write3
)
(d:/envioflatex/texlive/2020/texmf-dist/tex/xelatex/xecjk/xeCJKfntef.sty
Package: xeCJKfntef 2020/02/18 v3.8.2 xeCJK font effect

(d:/envioflatex/texlive/2020/texmf-dist/tex/generic/ulem/ulem.sty
\UL@box=\box108
\UL@hyphenbox=\box109
\UL@skip=\skip71
\UL@hook=\toks40
\UL@height=\dimen317
\UL@pe=\count370
\UL@pixel=\dimen318
\ULC@box=\box110
Package: ulem 2019/11/18
\ULdepth=\dimen319
)
\l__xeCJK_space_skip=\skip72
\c__xeCJK_ulem-begin_node_dim=\dimen320
\c__xeCJK_null_box=\box111
\l__xeCJK_fntef_box=\box112
\l__xeCJK_under_symbol_box=\box113
\c__xeCJK_filll_skip=\skip73
)
(d:/envioflatex/texlive/2020/texmf-dist/tex/latex/hyperref/hyperref.sty
Package: hyperref 2020/01/14 v7.00d Hypertext links for LaTeX

(d:/envioflatex/texlive/2020/texmf-dist/tex/generic/ltxcmds/ltxcmds.sty
Package: ltxcmds 2019/12/15 v1.24 LaTeX kernel commands for general use (HO)
)
(d:/envioflatex/texlive/2020/texmf-dist/tex/latex/pdftexcmds/pdftexcmds.sty
Package: pdftexcmds 2019/11/24 v0.31 Utility functions of pdfTeX for LuaTeX (HO
)

(d:/envioflatex/texlive/2020/texmf-dist/tex/generic/infwarerr/infwarerr.sty
Package: infwarerr 2019/12/03 v1.5 Providing info/warning/error messages (HO)
)
Package pdftexcmds Info: \pdf@primitive is available.
Package pdftexcmds Info: \pdf@ifprimitive is available.
Package pdftexcmds Info: \pdfdraftmode not found.
)
(d:/envioflatex/texlive/2020/texmf-dist/tex/generic/kvsetkeys/kvsetkeys.sty
Package: kvsetkeys 2019/12/15 v1.18 Key value parser (HO)
)
(d:/envioflatex/texlive/2020/texmf-dist/tex/generic/kvdefinekeys/kvdefinekeys.s
ty
Package: kvdefinekeys 2019-12-19 v1.6 Define keys (HO)
) (d:/envioflatex/texlive/2020/texmf-dist/tex/generic/pdfescape/pdfescape.sty
Package: pdfescape 2019/12/09 v1.15 Implements pdfTeX's escape features (HO)
) (d:/envioflatex/texlive/2020/texmf-dist/tex/latex/hycolor/hycolor.sty
Package: hycolor 2020-01-27 v1.10 Color options for hyperref/bookmark (HO)
)
(d:/envioflatex/texlive/2020/texmf-dist/tex/latex/letltxmacro/letltxmacro.sty
Package: letltxmacro 2019/12/03 v1.6 Let assignment for LaTeX macros (HO)
)
(d:/envioflatex/texlive/2020/texmf-dist/tex/latex/auxhook/auxhook.sty
Package: auxhook 2019-12-17 v1.6 Hooks for auxiliary files (HO)
)
(d:/envioflatex/texlive/2020/texmf-dist/tex/latex/kvoptions/kvoptions.sty
Package: kvoptions 2019/11/29 v3.13 Key value format for package options (HO)
)
\@linkdim=\dimen321
\Hy@linkcounter=\count371
\Hy@pagecounter=\count372

(d:/envioflatex/texlive/2020/texmf-dist/tex/latex/hyperref/pd1enc.def
File: pd1enc.def 2020/01/14 v7.00d Hyperref: PDFDocEncoding definition (HO)
)
(d:/envioflatex/texlive/2020/texmf-dist/tex/generic/intcalc/intcalc.sty
Package: intcalc 2019/12/15 v1.3 Expandable calculations with integers (HO)
)
(d:/envioflatex/texlive/2020/texmf-dist/tex/generic/etexcmds/etexcmds.sty
Package: etexcmds 2019/12/15 v1.7 Avoid name clashes with e-TeX commands (HO)
)
\Hy@SavedSpaceFactor=\count373
Package hyperref Info: Option `bookmarks' set `true' on input line 4421.
Package hyperref Info: Option `unicode' set `true' on input line 4421.

(d:/envioflatex/texlive/2020/texmf-dist/tex/latex/hyperref/puenc.def
File: puenc.def 2020/01/14 v7.00d Hyperref: PDF Unicode definition (HO)
)
Package hyperref Info: Option `colorlinks' set `true' on input line 4421.
Package hyperref Info: Option `bookmarksnumbered' set `true' on input line 4421
.
Package hyperref Info: Hyper figures OFF on input line 4547.
Package hyperref Info: Link nesting OFF on input line 4552.
Package hyperref Info: Hyper index ON on input line 4555.
Package hyperref Info: Plain pages OFF on input line 4562.
Package hyperref Info: Backreferencing OFF on input line 4567.
Package hyperref Info: Implicit mode ON; LaTeX internals redefined.
Package hyperref Info: Bookmarks ON on input line 4800.
\c@Hy@tempcnt=\count374

(d:/envioflatex/texlive/2020/texmf-dist/tex/latex/url/url.sty
\Urlmuskip=\muskip17
Package: url 2013/09/16  ver 3.4  Verb mode for urls, etc.
)
LaTeX Info: Redefining \url on input line 5159.
\XeTeXLinkMargin=\dimen322

(d:/envioflatex/texlive/2020/texmf-dist/tex/generic/bitset/bitset.sty
Package: bitset 2019/12/09 v1.3 Handle bit-vector datatype (HO)

(d:/envioflatex/texlive/2020/texmf-dist/tex/generic/bigintcalc/bigintcalc.sty
Package: bigintcalc 2019/12/15 v1.5 Expandable calculations on big integers (HO
)
))
\Fld@menulength=\count375
\Field@Width=\dimen323
\Fld@charsize=\dimen324
Package hyperref Info: Hyper figures OFF on input line 6430.
Package hyperref Info: Link nesting OFF on input line 6435.
Package hyperref Info: Hyper index ON on input line 6438.
Package hyperref Info: backreferencing OFF on input line 6445.
Package hyperref Info: Link coloring ON on input line 6448.
Package hyperref Info: Link coloring with OCG OFF on input line 6455.
Package hyperref Info: PDF/A mode OFF on input line 6460.
LaTeX Info: Redefining \ref on input line 6500.
LaTeX Info: Redefining \pageref on input line 6504.
(d:/envioflatex/texlive/2020/texmf-dist/tex/generic/atbegshi/atbegshi.sty
Package: atbegshi 2019/12/05 v1.19 At begin shipout hook (HO)
)
\Hy@abspage=\count376
\c@Item=\count377
\c@Hfootnote=\count378
)
Package hyperref Info: Driver (autodetected): hxetex.

(d:/envioflatex/texlive/2020/texmf-dist/tex/latex/hyperref/hxetex.def
File: hxetex.def 2020/01/14 v7.00d Hyperref driver for XeTeX

(d:/envioflatex/texlive/2020/texmf-dist/tex/generic/stringenc/stringenc.sty
Package: stringenc 2019/11/29 v1.12 Convert strings between diff. encodings (HO
)
)
\pdfm@box=\box114
\c@Hy@AnnotLevel=\count379
\HyField@AnnotCount=\count380
\Fld@listcount=\count381
\c@bookmark@seq@number=\count382

(d:/envioflatex/texlive/2020/texmf-dist/tex/latex/rerunfilecheck/rerunfilecheck
.sty
Package: rerunfilecheck 2019/12/05 v1.9 Rerun checks for auxiliary files (HO)
 (d:/envioflatex/texlive/2020/texmf-dist/tex/latex/atveryend/atveryend.sty
Package: atveryend 2019-12-11 v1.11 Hooks at the very end of document (HO)
Package atveryend Info: \enddocument detected (standard20110627).
)
(d:/envioflatex/texlive/2020/texmf-dist/tex/generic/uniquecounter/uniquecounter
.sty
Package: uniquecounter 2019/12/15 v1.4 Provide unlimited unique counter (HO)
)
Package uniquecounter Info: New unique counter `rerunfilecheck' on input line 2
86.
)
\Hy@SectionHShift=\skip74
) (d:/envioflatex/texlive/2020/texmf-dist/tex/latex/fancyhdr/fancyhdr.sty
Package: fancyhdr 2019/01/31 v3.10 Extensive control of page headers and footer
s
\f@nch@headwidth=\skip75
\f@nch@O@elh=\skip76
\f@nch@O@erh=\skip77
\f@nch@O@olh=\skip78
\f@nch@O@orh=\skip79
\f@nch@O@elf=\skip80
\f@nch@O@erf=\skip81
\f@nch@O@olf=\skip82
\f@nch@O@orf=\skip83
)
\@indexfile=\write4
\openout4 = `XDUthesis.idx'.


Writing index file XDUthesis.idx
\@glossaryfile=\write5
\openout5 = `XDUthesis.glo'.

Writing glossary file XDUthesis.glo 

Package xeCJK Warning: Fandol is being set as the default font for CJK text.
(xeCJK)                Please make sure it has been properly installed.


Package fontspec Warning: Font "FandolSong-Regular" does not contain requested
(fontspec)                Script "CJK".


Package fontspec Info: Font family 'FandolSong-Regular(0)' created for font
(fontspec)             'FandolSong-Regular' with options
(fontspec)             [Script={CJK},Extension={.otf},BoldFont={FandolSong-Bold
},ItalicFont={FandolKai-Regular}].
(fontspec)              
(fontspec)              This font family consists of the following NFSS
(fontspec)             series/shapes:
(fontspec)              
(fontspec)             - 'normal' (m/n) with NFSS spec.:
(fontspec)             <->"[FandolSong-Regular.otf]/OT:language=dflt;"
(fontspec)             - 'small caps'  (m/sc) with NFSS spec.: 
(fontspec)             - 'bold' (b/n) with NFSS spec.:
(fontspec)             <->"[FandolSong-Bold.otf]/OT:language=dflt;"
(fontspec)             - 'bold small caps'  (b/sc) with NFSS spec.: 
(fontspec)             - 'italic' (m/it) with NFSS spec.:
(fontspec)             <->"[FandolKai-Regular.otf]/OT:language=dflt;"
(fontspec)             - 'italic small caps'  (m/scit) with NFSS spec.: 

No file XDUthesis.aux.
\openout1 = `XDUthesis.aux'.

LaTeX Font Info:    Checking defaults for OML/cmm/m/it on input line 161.
LaTeX Font Info:    ... okay on input line 161.
LaTeX Font Info:    Checking defaults for OMS/cmsy/m/n on input line 161.
LaTeX Font Info:    ... okay on input line 161.
LaTeX Font Info:    Checking defaults for OT1/cmr/m/n on input line 161.
LaTeX Font Info:    ... okay on input line 161.
LaTeX Font Info:    Checking defaults for T1/cmr/m/n on input line 161.
LaTeX Font Info:    ... okay on input line 161.
LaTeX Font Info:    Checking defaults for TS1/cmr/m/n on input line 161.
LaTeX Font Info:    Trying to load font information for TS1+cmr on input line 1
61.
(d:/envioflatex/texlive/2020/texmf-dist/tex/latex/base/ts1cmr.fd
File: ts1cmr.fd 2019/12/16 v2.5j Standard LaTeX font definitions
)
LaTeX Font Info:    ... okay on input line 161.
LaTeX Font Info:    Checking defaults for TU/lmr/m/n on input line 161.
LaTeX Font Info:    ... okay on input line 161.
LaTeX Font Info:    Checking defaults for OMX/cmex/m/n on input line 161.
LaTeX Font Info:    ... okay on input line 161.
LaTeX Font Info:    Checking defaults for U/cmr/m/n on input line 161.
LaTeX Font Info:    ... okay on input line 161.
LaTeX Font Info:    Checking defaults for PD1/pdf/m/n on input line 161.
LaTeX Font Info:    ... okay on input line 161.
LaTeX Font Info:    Checking defaults for PU/pdf/m/n on input line 161.
LaTeX Font Info:    ... okay on input line 161.
Package doc Info: Made | a short reference for \verb on input line 161.

*geometry* driver: auto-detecting
*geometry* detected driver: xetex
*geometry* verbose mode - [ preamble ] result:
* driver: xetex
* paper: <default>
* layout: <same size as paper>
* layoutoffset:(h,v)=(0.0pt,0.0pt)
* modes: 
* h-part:(L,W,R)=(113.81102pt, 415.12572pt, 85.35826pt)
* v-part:(T,H,B)=(85.35826pt, 652.70622pt, 56.9055pt)
* \paperwidth=614.295pt
* \paperheight=794.96999pt
* \textwidth=415.12572pt
* \textheight=652.70622pt
* \oddsidemargin=41.54103pt
* \evensidemargin=41.54103pt
* \topmargin=-23.91173pt
* \headheight=15.0pt
* \headsep=25.0pt
* \topskip=10.0pt
* \footskip=30.0pt
* \marginparwidth=126.0pt
* \marginparsep=11.0pt
* \columnsep=10.0pt
* \skip\footins=9.0pt plus 4.0pt minus 2.0pt
* \hoffset=0.0pt
* \voffset=0.0pt
* \mag=1000
* \@twocolumnfalse
* \@twosidefalse
* \@mparswitchfalse
* \@reversemargintrue
* (1in=72.27pt=25.4mm, 1cm=28.453pt)


Package fontspec Info: Adjusting the maths setup (use [no-math] to avoid
(fontspec)             this).

\symlegacymaths=\mathgroup4
LaTeX Font Info:    Overwriting symbol font `legacymaths' in version `bold'
(Font)                  OT1/cmr/m/n --> OT1/cmr/bx/n on input line 161.
LaTeX Font Info:    Redeclaring math accent \acute on input line 161.
LaTeX Font Info:    Redeclaring math accent \grave on input line 161.
LaTeX Font Info:    Redeclaring math accent \ddot on input line 161.
LaTeX Font Info:    Redeclaring math accent \tilde on input line 161.
LaTeX Font Info:    Redeclaring math accent \bar on input line 161.
LaTeX Font Info:    Redeclaring math accent \breve on input line 161.
LaTeX Font Info:    Redeclaring math accent \check on input line 161.
LaTeX Font Info:    Redeclaring math accent \hat on input line 161.
LaTeX Font Info:    Redeclaring math accent \dot on input line 161.
LaTeX Font Info:    Redeclaring math accent \mathring on input line 161.
LaTeX Font Info:    Redeclaring math symbol \colon on input line 161.
LaTeX Font Info:    Redeclaring math symbol \Gamma on input line 161.
LaTeX Font Info:    Redeclaring math symbol \Delta on input line 161.
LaTeX Font Info:    Redeclaring math symbol \Theta on input line 161.
LaTeX Font Info:    Redeclaring math symbol \Lambda on input line 161.
LaTeX Font Info:    Redeclaring math symbol \Xi on input line 161.
LaTeX Font Info:    Redeclaring math symbol \Pi on input line 161.
LaTeX Font Info:    Redeclaring math symbol \Sigma on input line 161.
LaTeX Font Info:    Redeclaring math symbol \Upsilon on input line 161.
LaTeX Font Info:    Redeclaring math symbol \Phi on input line 161.
LaTeX Font Info:    Redeclaring math symbol \Psi on input line 161.
LaTeX Font Info:    Redeclaring math symbol \Omega on input line 161.
LaTeX Font Info:    Redeclaring math symbol \mathdollar on input line 161.
LaTeX Font Info:    Redeclaring symbol font `operators' on input line 161.
LaTeX Font Info:    Encoding `OT1' has changed to `TU' for symbol font
(Font)              `operators' in the math version `normal' on input line 161.

LaTeX Font Info:    Overwriting symbol font `operators' in version `normal'
(Font)                  OT1/cmr/m/n --> TU/lmr/m/n on input line 161.
LaTeX Font Info:    Encoding `OT1' has changed to `TU' for symbol font
(Font)              `operators' in the math version `bold' on input line 161.
LaTeX Font Info:    Overwriting symbol font `operators' in version `bold'
(Font)                  OT1/cmr/bx/n --> TU/lmr/m/n on input line 161.
LaTeX Font Info:    Overwriting symbol font `operators' in version `normal'
(Font)                  TU/lmr/m/n --> TU/lmr/m/n on input line 161.
LaTeX Font Info:    Overwriting math alphabet `\mathit' in version `normal'
(Font)                  OT1/cmr/m/it --> TU/lmr/m/it on input line 161.
LaTeX Font Info:    Overwriting math alphabet `\mathbf' in version `normal'
(Font)                  OT1/cmr/bx/n --> TU/lmr/b/n on input line 161.
LaTeX Font Info:    Overwriting math alphabet `\mathsf' in version `normal'
(Font)                  OT1/cmss/m/n --> TU/lmss/m/n on input line 161.
LaTeX Font Info:    Overwriting math alphabet `\mathtt' in version `normal'
(Font)                  OT1/cmtt/m/n --> TU/lmtt/m/n on input line 161.
LaTeX Font Info:    Overwriting symbol font `operators' in version `bold'
(Font)                  TU/lmr/m/n --> TU/lmr/b/n on input line 161.
LaTeX Font Info:    Overwriting math alphabet `\mathit' in version `bold'
(Font)                  OT1/cmr/bx/it --> TU/lmr/b/it on input line 161.
LaTeX Font Info:    Overwriting math alphabet `\mathsf' in version `bold'
(Font)                  OT1/cmss/bx/n --> TU/lmss/b/n on input line 161.
LaTeX Font Info:    Overwriting math alphabet `\mathtt' in version `bold'
(Font)                  OT1/cmtt/m/n --> TU/lmtt/b/n on input line 161.
\AtBeginShipoutBox=\box115
Package hyperref Info: Link coloring ON on input line 161.
(d:/envioflatex/texlive/2020/texmf-dist/tex/latex/hyperref/nameref.sty
Package: nameref 2019/09/16 v2.46 Cross-referencing by name of section

(d:/envioflatex/texlive/2020/texmf-dist/tex/latex/refcount/refcount.sty
Package: refcount 2019/12/15 v3.6 Data extraction from label references (HO)
)
(d:/envioflatex/texlive/2020/texmf-dist/tex/generic/gettitlestring/gettitlestri
ng.sty
Package: gettitlestring 2019/12/15 v1.6 Cleanup title references (HO)
)
\c@section@level=\count383
)
LaTeX Info: Redefining \ref on input line 161.
LaTeX Info: Redefining \pageref on input line 161.
LaTeX Info: Redefining \nameref on input line 161.
\@outlinefile=\write6
\openout6 = `XDUthesis.out'.



Package hyperref Warning: Rerun to get /PageLabels entry.

(./XDUthesis.dtx
***************************
* Character table correct *
***************************
LaTeX Font Info:    External font `cmex10' loaded for size
(Font)              <17.28> on input line 211.
LaTeX Font Info:    External font `cmex10' loaded for size
(Font)              <12> on input line 211.
LaTeX Font Info:    External font `cmex10' loaded for size
(Font)              <8> on input line 211.
LaTeX Font Info:    External font `cmex10' loaded for size
(Font)              <6> on input line 211.
LaTeX Font Info:    External font `cmex10' loaded for size
(Font)              <5> on input line 211.
LaTeX Font Info:    External font `cmex10' loaded for size
(Font)              <9> on input line 221.
[1

]
\tf@toc=\write7
\openout7 = `XDUthesis.toc'.

 [2

]
LaTeX Font Info:    External font `cmex10' loaded for size
(Font)              <7> on input line 239.


LaTeX Warning: Reference `SubSec:HowToMake' on page 1 undefined on input line 2
44.


LaTeX Warning: Reference `SubSec:ForBibTeX' on page 1 undefined on input line 2
44.


LaTeX Warning: Reference `SubSec:ThesisSample' on page 1 undefined on input lin
e 244.


Package longtable Warning: Column widths have changed
(longtable)                in table 1 on input line 279.


Package fontspec Warning: Font "FandolFang-Regular" does not contain requested
(fontspec)                Script "CJK".


Package fontspec Info: Font family 'FandolFang-Regular(0)' created for font
(fontspec)             'FandolFang-Regular' with options
(fontspec)             [Script={CJK},Extension={.otf},AutoFakeBold={4},AutoFake
Slant={0.167}].
(fontspec)              
(fontspec)              This font family consists of the following NFSS
(fontspec)             series/shapes:
(fontspec)              
(fontspec)             - 'normal' (m/n) with NFSS spec.:
(fontspec)             <->"[FandolFang-Regular.otf]/OT:language=dflt;"
(fontspec)             - 'small caps'  (m/sc) with NFSS spec.: 
(fontspec)             - 'bold' (b/n) with NFSS spec.:
(fontspec)             <->"[FandolFang-Regular.otf]/OT:language=dflt;embolden=4
;"
(fontspec)             - 'bold small caps'  (b/sc) with NFSS spec.: 
(fontspec)             - 'italic' (m/it) with NFSS spec.:
(fontspec)             <->"[FandolFang-Regular.otf]/OT:language=dflt;slant=0.16
7;"
(fontspec)             - 'italic small caps'  (m/scit) with NFSS spec.: 
(fontspec)             - 'bold italic' (b/it) with NFSS spec.:
(fontspec)             <->"[FandolFang-Regular.otf]/OT:language=dflt;embolden=4
;slant=0.167;"
(fontspec)             - 'bold italic small caps'  (b/scit) with NFSS spec.: 

LaTeX Font Info:    Font shape `TU/lmtt/bx/n' in size <10> not available
(Font)              Font shape `TU/lmtt/b/n' tried instead on input line 284.

LaTeX Warning: Reference `Tab:pkg' on page 1 undefined on input line 301.


LaTeX Warning: Reference `Tab:pkg' on page 1 undefined on input line 301.


LaTeX Warning: Reference `Tab:pkg' on page 1 undefined on input line 301.

[1

] [2]

LaTeX Font Warning: Font shape `TU/lmr/bx/sc' undefined
(Font)              using `TU/lmr/bx/n' instead on input line 399.

[3] [4] [5]

LaTeX Warning: Reference `SubSec:aboutCFG' on page 6 undefined on input line 49
5.


LaTeX Warning: Reference `Tab:basicFontSize' on page 6 undefined on input line 
526.


LaTeX Warning: Reference `Tab:setFontSize' on page 6 undefined on input line 52
6.

[6] [7]

LaTeX Warning: Reference `SubSec:ThesisSample' on page 8 undefined on input lin
e 622.


Overfull \hbox (10.59406pt too wide) in paragraph at lines 647--648
\TU/FandolSong-Regular(0)/m/n/10 以 使 用[]\TU/lmtt/m/n/10 style = ?\TU/FandolSong
-Regular(0)/m/n/10 ，|  代 码 显 示 风 格 可 以 通 过 []\TU/lmtt/m/n/10 \lstdefinestyle{<s
tylename>}{<style>}
 []

[8] [9] [10] [11

]
Overfull \hbox (16.0604pt too wide) in paragraph at lines 886--886
 [][]    \TU/lmtt/m/n/9 \RequirePackage[utf8]{inputenc}% set input encoding, do
cument must use utf-8 encoding 
 []


Overfull \hbox (6.61035pt too wide) in paragraph at lines 886--886
 [][]    \TU/lmtt/m/n/9 \setCJKmainfont[ItalicFont=Kaiti SC,BoldItalicFont=Kait
i SC Bold]{Songti SC Light}% 
 []


Overfull \hbox (6.61034pt too wide) in paragraph at lines 886--886
 [][]    \TU/lmtt/m/n/9 \setCJKmainfont[AutoFakeBold,ItalicFont=AdobeKaitiStd-R
egular]{AdobeSongStd-Light}% 
 []


Overfull \hbox (16.06036pt too wide) in paragraph at lines 886--886
 [][]      \TU/lmtt/m/n/9 \setCJKmainfont[ItalicFont=Kaiti SC,BoldItalicFont=Ka
iti SC Bold]{Songti SC Light}% 
 []


Overfull \hbox (16.06035pt too wide) in paragraph at lines 886--886
 [][]      \TU/lmtt/m/n/9 \setCJKmainfont[AutoFakeBold,ItalicFont=AdobeKaitiStd
-Regular]{AdobeSongStd-Light}% 
 []

[12]
Overfull \hbox (2.56032pt too wide) in paragraph at lines 953--953
 [][]\TU/lmtt/m/n/9 \renewcommand{\thealgorithm}{\arabic{chapter}.\arabic{algor
ithm}} %% \TU/FandolSong-Regular(0)/m/n/9 算 法 编 号 跟 随 章 编 号 
 []

[13] [14] [15] [16]
Overfull \hbox (11.33534pt too wide) in paragraph at lines 1248--1248
 [][]\TU/lmtt/m/n/9 \definecolor{XDU@stringcolor}{rgb}{0.84,0.62,0.52}%% \TU/Fa
ndolSong-Regular(0)/m/n/9 字 符 串 颜 色，|  仿 \TU/lmtt/m/n/9 Visual Studio \TU/Fando
lSong-Regular(0)/m/n/9 默 认 配 色 
 []

[17] [18]
Overfull \hbox (68.0355pt too wide) in paragraph at lines 1454--1454
 [][]    \TU/lmtt/m/n/9 \textbf{\zihao{-4}\XDU@classname}        & \textbf{\zih
ao{-4}\XDU@class}          \\ \cline{2-2} 
 []


Overfull \hbox (68.0354pt too wide) in paragraph at lines 1454--1454
 [][]    \TU/lmtt/m/n/9 \textbf{\zihao{-4}\XDU@schoolnumbername} & \textbf{\zih
ao{-4}{\XDU@schoolnumber}} \\ \cline{2-2} 
 []

[19]
Overfull \hbox (1.88531pt too wide) in paragraph at lines 1454--1454
 [][]\TU/lmtt/m/n/9 {\songti\zihao{4}\XDU@authornametitle\CJKunderline{\phantom
{\qquad\qquad\qquad\quad}}% 
 []

[20] [21] [22] [23]
No file XDUthesis.gls.
No file XDUthesis.ind.
*******************
* Checksum passed *
*******************
)

Package longtable Warning: Table widths have changed. Rerun LaTeX.

Package atveryend Info: Empty hook `BeforeClearDocument' on input line 165.
[24]
Package atveryend Info: Empty hook `AfterLastShipout' on input line 165.
 (./XDUthesis.aux)
Package atveryend Info: Empty hook `AtVeryEndDocument' on input line 165.
Package atveryend Info: Executing hook `AtEndAfterFileList' on input line 165.


Package rerunfilecheck Warning: File `XDUthesis.out' has changed.
(rerunfilecheck)                Rerun to get outlines right
(rerunfilecheck)                or use package `bookmark'.

Package rerunfilecheck Info: Checksums for `XDUthesis.out':
(rerunfilecheck)             Before: <no file>
(rerunfilecheck)             After:  1CBEF60C61CB15691DF9ECF35EA0E32E;4265.

LaTeX Font Warning: Some font shapes were not available, defaults substituted.


LaTeX Warning: There were undefined references.


LaTeX Warning: Label(s) may have changed. Rerun to get cross-references right.

Package atveryend Info: Empty hook `AtVeryVeryEnd' on input line 165.
 ) 
Here is how much of TeX's memory you used:
 23065 strings out of 479418
 479287 string characters out of 5882825
 783676 words of memory out of 5000000
 40199 multiletter control sequences out of 15000+600000
 537742 words of font info for 88 fonts, out of 8000000 for 9000
 1348 hyphenation exceptions out of 8191
 49i,12n,78p,483b,897s stack positions out of 5000i,500n,10000p,200000b,80000s

Output written on XDUthesis.pdf (26 pages).
