\BOOKMARK [1][-]{section.1}{\376\377\0001\000\040\152\041\147\177\116\313\176\315}{}% 1
\BOOKMARK [1][-]{section.2}{\376\377\0002\000\040\152\041\147\177\117\341\140\157}{}% 2
\BOOKMARK [2][-]{subsection.2.1}{\376\377\0002\000.\0001\000\040\152\041\147\177\176\304\142\020}{section.2}% 3
\BOOKMARK [2][-]{subsection.2.2}{\376\377\0002\000.\0002\000\040\117\177\165\050\122\115\166\204\121\306\131\007}{section.2}% 4
\BOOKMARK [1][-]{section.3}{\376\377\0003\000\040\131\202\117\125\143\320\225\356}{}% 5
\BOOKMARK [2][-]{subsection.3.1}{\376\377\0003\000.\0001\000\040\121\163\116\216\000X\000D\000U\000t\000h\000e\000s\000i\000s\152\041\147\177\166\204\165\221\225\356}{section.3}% 6
\BOOKMARK [2][-]{subsection.3.2}{\376\377\0003\000.\0002\000\040\121\163\116\216\000L\000a\000T\000e\000X\166\204\165\221\225\356}{section.3}% 7
\BOOKMARK [1][-]{section.4}{\376\377\0004\000\040\117\177\165\050\152\041\147\177}{}% 8
\BOOKMARK [2][-]{subsection.4.1}{\376\377\0004\000.\0001\000\040\131\202\117\125\177\026\213\321}{section.4}% 9
\BOOKMARK [3][-]{subsubsection.4.1.1}{\376\377\0004\000.\0001\000.\0001\000\040\000p\000d\000f\000l\000a\000t\000e\000x\124\175\116\344}{subsection.4.1}% 10
\BOOKMARK [3][-]{subsubsection.4.1.2}{\376\377\0004\000.\0001\000.\0002\000\040\000x\000e\000l\000a\000t\000e\000x\124\175\116\344}{subsection.4.1}% 11
\BOOKMARK [3][-]{subsubsection.4.1.3}{\376\377\0004\000.\0001\000.\0003\000\040\000l\000a\000t\000e\000x\000m\000k\000\040\000+\000\040\000x\000e\000l\000a\000t\000e\000x\124\175\116\344}{subsection.4.1}% 12
\BOOKMARK [2][-]{subsection.4.2}{\376\377\0004\000.\0002\000\040\210\145\121\105\116\313\176\315\000B\000i\000b\000T\000e\000X}{section.4}% 13
\BOOKMARK [2][-]{subsection.4.3}{\376\377\0004\000.\0003\000\040\116\000\116\052\173\200\123\125\166\204\117\177\165\050\150\067\117\213}{section.4}% 14
\BOOKMARK [2][-]{subsection.4.4}{\376\377\0004\000.\0004\000\040\121\163\116\216\221\115\177\156\145\207\116\366}{section.4}% 15
\BOOKMARK [2][-]{subsection.4.5}{\376\377\0004\000.\0005\000\040\133\127\117\123\221\115\177\156}{section.4}% 16
\BOOKMARK [2][-]{subsection.4.6}{\376\377\0004\000.\0006\000\040\124\175\116\344}{section.4}% 17
\BOOKMARK [3][-]{subsubsection.4.6.1}{\376\377\0004\000.\0006\000.\0001\000\040\127\372\170\100\124\175\116\344}{subsection.4.6}% 18
\BOOKMARK [3][-]{subsubsection.4.6.2}{\376\377\0004\000.\0006\000.\0002\000\040\123\357\220\011\123\302\145\160}{subsection.4.6}% 19
\BOOKMARK [3][-]{subsubsection.4.6.3}{\376\377\0004\000.\0006\000.\0003\000\040\143\247\122\066\124\175\116\344}{subsection.4.6}% 20
\BOOKMARK [2][-]{subsection.4.7}{\376\377\0004\000.\0007\000\040\163\257\130\203}{section.4}% 21
\BOOKMARK [3][-]{subsubsection.4.7.1}{\376\377\0004\000.\0007\000.\0001\000\040\143\247\122\066\163\257\130\203}{subsection.4.7}% 22
\BOOKMARK [3][-]{subsubsection.4.7.2}{\376\377\0004\000.\0007\000.\0002\000\040\145\160\133\146\163\257\130\203}{subsection.4.7}% 23
\BOOKMARK [2][-]{subsection.4.8}{\376\377\0004\000.\0008\000\040\123\302\200\003\145\207\163\056\145\160\143\156\136\223}{section.4}% 24
\BOOKMARK [1][-]{section.5}{\376\377\0005\000\040\201\364\214\042}{}% 25
\BOOKMARK [1][-]{section*.2}{\376\377\123\302\200\003\145\207\163\056}{}% 26
\BOOKMARK [1][-]{appendix.A}{\376\377\000A\000\040\156\220\116\343\170\001}{}% 27
\BOOKMARK [2][-]{subsection.A.1}{\376\377\000A\000.\0001\000\040\122\237\200\375\174\173\133\217\123\005\166\370\121\163}{appendix.A}% 28
\BOOKMARK [2][-]{subsection.A.2}{\376\377\000A\000.\0002\000\040\230\165\227\142\213\276\177\156\220\350\122\006}{appendix.A}% 29
\BOOKMARK [2][-]{subsection.A.3}{\376\377\000A\000.\0003\000\040\143\247\122\066\123\302\145\160}{appendix.A}% 30
\BOOKMARK [2][-]{subsection.A.4}{\376\377\000A\000.\0004\000\040\144\130\211\201\220\350\122\006}{appendix.A}% 31
\BOOKMARK [2][-]{subsection.A.5}{\376\377\000A\000.\0005\000\040\134\001\227\142\220\350\122\006}{appendix.A}% 32
\BOOKMARK [2][-]{subsection.A.6}{\376\377\000A\000.\0006\000\040\116\343\170\001\163\257\130\203}{appendix.A}% 33
\BOOKMARK [2][-]{subsection.A.7}{\376\377\000A\000.\0007\000\040\201\364\214\042\163\257\130\203}{appendix.A}% 34
\BOOKMARK [2][-]{subsection.A.8}{\376\377\000A\000.\0008\000\040\121\166\116\326\176\306\202\202}{appendix.A}% 35
